Jul 3, 2014 6:51:47 PM oracle.mds
NOTIFICATION: PManager instance is created without multitenancy support as JVM flag "oracle.multitenant.enabled" is not set to enable multitenancy support.
Jul 3, 2014 6:51:47 PM oracle.fabric.common.wsdl.SchemaManager isIncrementalBuildSupported
INFO: XMLSchema incremental build enabled.
Jul 3, 2014 6:51:47 PM com.collaxa.cube.CubeLogger info
INFO: validating "E010PALSInvoicePaymentDoctoPrtalBPELProcess.bpel" ...
Jul 3, 2014 6:51:47 PM oracle.integration.platform.blocks.FabricConfigManager <clinit>
WARNING: JRF is unable to determine the current application server platform.
Jul 3, 2014 6:51:47 PM oracle.integration.platform.blocks.WLSPlatformConfigurationProvider <clinit>
WARNING: JRF is unable to determine the current application server platform.
node class name com.collaxa.cube.engine.ext.bpel.v1.blocks.BPELSequenceBlock
node class name com.collaxa.cube.engine.ext.bpel.v1.blocks.BPELScopeBlock
node class name com.collaxa.cube.engine.ext.bpel.v1.blocks.BPELSwitchBlock
node class name com.collaxa.cube.engine.ext.bpel.v1.blocks.BPELCompensationHandlerBlock
node class name com.collaxa.cube.engine.ext.bpel.v1.blocks.BPELWhileBlock
node class name com.collaxa.cube.engine.ext.bpel.v1.blocks.BPELCatchFaultBlock
node class name com.collaxa.cube.engine.ext.bpel.v1.blocks.BPELCatchAllBlock
Jul 3, 2014 6:51:47 PM com.collaxa.cube.CubeLogger info
INFO: Composed "E010PALSInvoicePaymentDoctoPrtalBPELProcess" in 77.4 milliseconds [nodes 120=1+119, 1,550.9 nodes/sec]
Jul 3, 2014 6:51:51 PM com.collaxa.cube.CubeLogger info
INFO: Compiled "E010PALSInvoicePaymentDoctoPrtalBPELProcess" in 3.535 seconds
Jul 3, 2014 6:51:51 PM com.collaxa.cube.CubeLogger info
INFO: Gathered 5 files in 4.3 milliseconds

Jul 3, 2014 6:51:51 PM com.collaxa.cube.CubeLogger info
INFO: Packaged "E010PALSInvoicePaymentDoctoPrtalBPELProcess" in 30.2 milliseconds

