May 19, 2014 2:47:21 PM oracle.mds
NOTIFICATION: PManager instance is created without multitenancy support as JVM flag "oracle.multitenant.enabled" is not set to enable multitenancy support.
May 19, 2014 2:47:21 PM oracle.fabric.common.wsdl.SchemaManager isIncrementalBuildSupported
INFO: XMLSchema incremental build enabled.
May 19, 2014 2:47:21 PM com.collaxa.cube.CubeLogger info
INFO: validating "E008TransactionDetailPALStoPortalBPEL.bpel" ...
May 19, 2014 2:47:21 PM oracle.integration.platform.blocks.FabricConfigManager <clinit>
WARNING: JRF is unable to determine the current application server platform.
May 19, 2014 2:47:21 PM oracle.integration.platform.blocks.WLSPlatformConfigurationProvider <clinit>
WARNING: JRF is unable to determine the current application server platform.
node class name com.collaxa.cube.engine.ext.bpel.v1.blocks.BPELSequenceBlock
node class name com.collaxa.cube.engine.ext.bpel.v1.blocks.BPELScopeBlock
node class name com.collaxa.cube.engine.ext.bpel.v1.blocks.BPELCompensationHandlerBlock
node class name com.collaxa.cube.engine.ext.bpel.v1.blocks.BPELSwitchBlock
node class name com.collaxa.cube.engine.ext.bpel.v1.blocks.BPELWhileBlock
node class name com.collaxa.cube.engine.ext.bpel.v1.blocks.BPELCatchFaultBlock
node class name com.collaxa.cube.engine.ext.bpel.v1.blocks.BPELCatchAllBlock
May 19, 2014 2:47:21 PM com.collaxa.cube.CubeLogger info
INFO: Composed "E008TransactionDetailPALStoPortalBPEL" in 50.1 milliseconds [nodes 102=0+102, 2,037.7 nodes/sec]
May 19, 2014 2:47:22 PM com.collaxa.cube.CubeLogger info
INFO: Compiled "E008TransactionDetailPALStoPortalBPEL" in 1.092 seconds
May 19, 2014 2:47:22 PM com.collaxa.cube.CubeLogger info
INFO: Gathered 3 files in 0.4 milliseconds

May 19, 2014 2:47:22 PM com.collaxa.cube.CubeLogger info
INFO: Packaged "E008TransactionDetailPALStoPortalBPEL" in 7.8 milliseconds

