Mar 3, 2014 6:45:09 PM oracle.mds
NOTIFICATION: PManager instance is created without multitenancy support as JVM flag "oracle.multitenant.enabled" is not set to enable multitenancy support.
Mar 3, 2014 6:45:09 PM oracle.fabric.common.wsdl.SchemaManager isIncrementalBuildSupported
INFO: XMLSchema incremental build enabled.
Mar 3, 2014 6:45:09 PM com.collaxa.cube.CubeLogger info
INFO: validating "Common_ErrorHandler_NotificationBPEL.bpel" ...
Mar 3, 2014 6:45:09 PM oracle.integration.platform.blocks.FabricConfigManager <clinit>
WARNING: JRF is unable to determine the current application server platform.
Mar 3, 2014 6:45:09 PM oracle.integration.platform.blocks.WLSPlatformConfigurationProvider <clinit>
WARNING: JRF is unable to determine the current application server platform.
node class name com.collaxa.cube.engine.ext.bpel.v1.blocks.BPELSequenceBlock
node class name com.collaxa.cube.engine.ext.bpel.v1.blocks.BPELSwitchBlock
node class name com.collaxa.cube.engine.ext.bpel.v1.blocks.BPELScopeBlock
node class name com.collaxa.cube.engine.ext.bpel.v1.blocks.BPELCompensationHandlerBlock
node class name com.collaxa.cube.engine.ext.bpel.v1.blocks.BPELCatchAllBlock
Mar 3, 2014 6:45:09 PM com.collaxa.cube.CubeLogger info
INFO: Composed "Common_ErrorHandler_NotificationBPEL" in 36.9 milliseconds [nodes 39=3+36, 1,058.2 nodes/sec]
Mar 3, 2014 6:45:12 PM com.collaxa.cube.CubeLogger info
INFO: Compiled "Common_ErrorHandler_NotificationBPEL" in 2.321 seconds
Mar 3, 2014 6:45:12 PM com.collaxa.cube.CubeLogger info
INFO: Gathered 7 files in 0.8 milliseconds

Mar 3, 2014 6:45:12 PM com.collaxa.cube.CubeLogger info
INFO: Packaged "Common_ErrorHandler_NotificationBPEL" in 8.6 milliseconds

