Jun 24, 2014 12:27:18 PM oracle.mds
NOTIFICATION: PManager instance is created without multitenancy support as JVM flag "oracle.multitenant.enabled" is not set to enable multitenancy support.
Jun 24, 2014 12:27:18 PM oracle.fabric.common.wsdl.SchemaManager isIncrementalBuildSupported
INFO: XMLSchema incremental build enabled.
Jun 24, 2014 12:27:19 PM com.collaxa.cube.CubeLogger info
INFO: validating "E006CardPALSToPortal.bpel" ...
Jun 24, 2014 12:27:19 PM oracle.integration.platform.blocks.FabricConfigManager <clinit>
WARNING: JRF is unable to determine the current application server platform.
Jun 24, 2014 12:27:19 PM oracle.integration.platform.blocks.WLSPlatformConfigurationProvider <clinit>
WARNING: JRF is unable to determine the current application server platform.
node class name com.collaxa.cube.engine.ext.bpel.v1.blocks.BPELSequenceBlock
node class name com.collaxa.cube.engine.ext.bpel.v1.blocks.BPELScopeBlock
node class name com.collaxa.cube.engine.ext.bpel.v1.blocks.BPELSwitchBlock
node class name com.collaxa.cube.engine.ext.bpel.v1.blocks.BPELCompensationHandlerBlock
node class name com.collaxa.cube.engine.ext.bpel.v1.blocks.BPELWhileBlock
node class name com.collaxa.cube.engine.ext.bpel.v1.blocks.BPELCatchFaultBlock
node class name com.collaxa.cube.engine.ext.bpel.v1.blocks.BPELCatchAllBlock
Jun 24, 2014 12:27:21 PM com.collaxa.cube.CubeLogger info
INFO: Composed "E006CardPALSToPortal" in 97.4 milliseconds [nodes 126=0+126, 1,294.2 nodes/sec]
Jun 24, 2014 12:27:24 PM com.collaxa.cube.CubeLogger info
INFO: Compiled "E006CardPALSToPortal" in 3.396 seconds
Jun 24, 2014 12:27:24 PM com.collaxa.cube.CubeLogger info
INFO: Gathered 3 files in 3.8 milliseconds

Jun 24, 2014 12:27:24 PM com.collaxa.cube.CubeLogger info
INFO: Packaged "E006CardPALSToPortal" in 23.4 milliseconds

