Jul 3, 2014 6:22:34 PM oracle.mds
NOTIFICATION: PManager instance is created without multitenancy support as JVM flag "oracle.multitenant.enabled" is not set to enable multitenancy support.
Jul 3, 2014 6:22:35 PM oracle.fabric.common.wsdl.SchemaManager isIncrementalBuildSupported
INFO: XMLSchema incremental build enabled.
Jul 3, 2014 6:22:35 PM com.collaxa.cube.CubeLogger info
INFO: validating "E008TransactionDetailPALStoPortalBPEL.bpel" ...
Jul 3, 2014 6:22:35 PM oracle.integration.platform.blocks.FabricConfigManager <clinit>
WARNING: JRF is unable to determine the current application server platform.
Jul 3, 2014 6:22:35 PM oracle.integration.platform.blocks.WLSPlatformConfigurationProvider <clinit>
WARNING: JRF is unable to determine the current application server platform.
node class name com.collaxa.cube.engine.ext.bpel.v1.blocks.BPELSequenceBlock
node class name com.collaxa.cube.engine.ext.bpel.v1.blocks.BPELScopeBlock
node class name com.collaxa.cube.engine.ext.bpel.v1.blocks.BPELCompensationHandlerBlock
node class name com.collaxa.cube.engine.ext.bpel.v1.blocks.BPELSwitchBlock
node class name com.collaxa.cube.engine.ext.bpel.v1.blocks.BPELWhileBlock
node class name com.collaxa.cube.engine.ext.bpel.v1.blocks.BPELCatchFaultBlock
node class name com.collaxa.cube.engine.ext.bpel.v1.blocks.BPELCatchAllBlock
Jul 3, 2014 6:22:35 PM com.collaxa.cube.CubeLogger info
INFO: Composed "E008TransactionDetailPALStoPortalBPEL" in 75.1 milliseconds [nodes 117=0+117, 1,557.7 nodes/sec]
Jul 3, 2014 6:22:38 PM com.collaxa.cube.CubeLogger info
INFO: Compiled "E008TransactionDetailPALStoPortalBPEL" in 3.455 seconds
Jul 3, 2014 6:22:38 PM com.collaxa.cube.CubeLogger info
INFO: Gathered 3 files in 4.1 milliseconds

Jul 3, 2014 6:22:39 PM com.collaxa.cube.CubeLogger info
INFO: Packaged "E008TransactionDetailPALStoPortalBPEL" in 23.5 milliseconds

