Feb 25, 2014 12:40:36 PM oracle.mds
NOTIFICATION: PManager instance is created without multitenancy support as JVM flag "oracle.multitenant.enabled" is not set to enable multitenancy support.
Feb 25, 2014 12:40:37 PM oracle.fabric.common.wsdl.SchemaManager isIncrementalBuildSupported
INFO: XMLSchema incremental build enabled.
Feb 25, 2014 12:40:37 PM com.collaxa.cube.CubeLogger info
INFO: validating "E001PortalBalanceCheckBPEL.bpel" ...
Feb 25, 2014 12:40:37 PM oracle.integration.platform.blocks.FabricConfigManager <clinit>
WARNING: JRF is unable to determine the current application server platform.
Feb 25, 2014 12:40:37 PM oracle.integration.platform.blocks.WLSPlatformConfigurationProvider <clinit>
WARNING: JRF is unable to determine the current application server platform.
node class name com.collaxa.cube.engine.ext.bpel.v1.blocks.BPELSequenceBlock
node class name com.collaxa.cube.engine.ext.bpel.v1.blocks.BPELScopeBlock
node class name com.collaxa.cube.engine.ext.bpel.v1.blocks.BPELCatchFaultBlock
node class name com.collaxa.cube.engine.ext.bpel.v1.blocks.BPELCompensationHandlerBlock
node class name com.collaxa.cube.engine.ext.bpel.v1.blocks.BPELSwitchBlock
node class name com.collaxa.cube.engine.ext.bpel.v1.blocks.BPELCatchAllBlock
Feb 25, 2014 12:40:37 PM com.collaxa.cube.CubeLogger info
INFO: Composed "E001PortalBalanceCheckBPEL" in 40.2 milliseconds [nodes 35=2+33, 870.8 nodes/sec]
Feb 25, 2014 12:40:38 PM com.collaxa.cube.CubeLogger info
INFO: Compiled "E001PortalBalanceCheckBPEL" in 1.099 seconds
Feb 25, 2014 12:40:38 PM com.collaxa.cube.CubeLogger info
INFO: Gathered 6 files in 0.7 milliseconds

Feb 25, 2014 12:40:38 PM com.collaxa.cube.CubeLogger info
INFO: Packaged "E001PortalBalanceCheckBPEL" in 7.5 milliseconds

