May 10, 2014 3:17:31 PM oracle.mds
NOTIFICATION: PManager instance is created without multitenancy support as JVM flag "oracle.multitenant.enabled" is not set to enable multitenancy support.
May 10, 2014 3:17:31 PM oracle.fabric.common.wsdl.SchemaManager isIncrementalBuildSupported
INFO: XMLSchema incremental build enabled.
May 10, 2014 3:17:31 PM com.collaxa.cube.CubeLogger info
INFO: validating "E003AccountSummaryPalstoPortalBPEL.bpel" ...
May 10, 2014 3:17:31 PM oracle.integration.platform.blocks.FabricConfigManager <clinit>
WARNING: JRF is unable to determine the current application server platform.
May 10, 2014 3:17:31 PM oracle.integration.platform.blocks.WLSPlatformConfigurationProvider <clinit>
WARNING: JRF is unable to determine the current application server platform.
node class name com.collaxa.cube.engine.ext.bpel.v1.blocks.BPELSequenceBlock
node class name com.collaxa.cube.engine.ext.bpel.v1.blocks.BPELScopeBlock
node class name com.collaxa.cube.engine.ext.bpel.v1.blocks.BPELSwitchBlock
node class name com.collaxa.cube.engine.ext.bpel.v1.blocks.BPELCompensationHandlerBlock
node class name com.collaxa.cube.engine.ext.bpel.v1.blocks.BPELWhileBlock
node class name com.collaxa.cube.engine.ext.bpel.v1.blocks.BPELCatchFaultBlock
node class name com.collaxa.cube.engine.ext.bpel.v1.blocks.BPELCatchAllBlock
May 10, 2014 3:17:32 PM com.collaxa.cube.CubeLogger info
INFO: Composed "E003AccountSummaryPalstoPortalBPEL" in 47.6 milliseconds [nodes 90=0+90, 1,891.0 nodes/sec]
May 10, 2014 3:17:33 PM com.collaxa.cube.CubeLogger info
INFO: Compiled "E003AccountSummaryPalstoPortalBPEL" in 1.206 seconds
May 10, 2014 3:17:33 PM com.collaxa.cube.CubeLogger info
INFO: Gathered 3 files in 0.4 milliseconds

May 10, 2014 3:17:33 PM com.collaxa.cube.CubeLogger info
INFO: Packaged "E003AccountSummaryPalstoPortalBPEL" in 7.7 milliseconds

