Jun 20, 2014 5:17:28 PM oracle.mds
NOTIFICATION: PManager instance is created without multitenancy support as JVM flag "oracle.multitenant.enabled" is not set to enable multitenancy support.
Jun 20, 2014 5:17:29 PM oracle.fabric.common.wsdl.SchemaManager isIncrementalBuildSupported
INFO: XMLSchema incremental build enabled.
Jun 20, 2014 5:17:29 PM com.collaxa.cube.CubeLogger info
INFO: validating "E009PALSInvoicetoPortalBPEL.bpel" ...
Jun 20, 2014 5:17:29 PM oracle.integration.platform.blocks.FabricConfigManager <clinit>
WARNING: JRF is unable to determine the current application server platform.
Jun 20, 2014 5:17:29 PM oracle.integration.platform.blocks.WLSPlatformConfigurationProvider <clinit>
WARNING: JRF is unable to determine the current application server platform.
node class name com.collaxa.cube.engine.ext.bpel.v1.blocks.BPELSequenceBlock
node class name com.collaxa.cube.engine.ext.bpel.v1.blocks.BPELScopeBlock
node class name com.collaxa.cube.engine.ext.bpel.v1.blocks.BPELCompensationHandlerBlock
node class name com.collaxa.cube.engine.ext.bpel.v1.blocks.BPELSwitchBlock
node class name com.collaxa.cube.engine.ext.bpel.v1.blocks.BPELWhileBlock
node class name com.collaxa.cube.engine.ext.bpel.v1.blocks.BPELCatchFaultBlock
node class name com.collaxa.cube.engine.ext.bpel.v1.blocks.BPELCatchAllBlock
Jun 20, 2014 5:17:29 PM com.collaxa.cube.CubeLogger info
INFO: Composed "E009PALSInvoicetoPortalBPEL" in 88.4 milliseconds [nodes 111=0+111, 1,256.0 nodes/sec]
Jun 20, 2014 5:17:33 PM com.collaxa.cube.CubeLogger info
INFO: Compiled "E009PALSInvoicetoPortalBPEL" in 3.397 seconds
Jun 20, 2014 5:17:33 PM com.collaxa.cube.CubeLogger info
INFO: Gathered 3 files in 4.3 milliseconds

Jun 20, 2014 5:17:33 PM com.collaxa.cube.CubeLogger info
INFO: Packaged "E009PALSInvoicetoPortalBPEL" in 23.6 milliseconds

