Jun 30, 2014 11:34:57 AM oracle.mds
NOTIFICATION: PManager instance is created without multitenancy support as JVM flag "oracle.multitenant.enabled" is not set to enable multitenancy support.
Jun 30, 2014 11:34:57 AM oracle.fabric.common.wsdl.SchemaManager isIncrementalBuildSupported
INFO: XMLSchema incremental build enabled.
Jun 30, 2014 11:34:57 AM com.collaxa.cube.CubeLogger info
INFO: validating "E004AccountPALStoPortal.bpel" ...
Jun 30, 2014 11:34:57 AM oracle.integration.platform.blocks.FabricConfigManager <clinit>
WARNING: JRF is unable to determine the current application server platform.
Jun 30, 2014 11:34:57 AM oracle.integration.platform.blocks.WLSPlatformConfigurationProvider <clinit>
WARNING: JRF is unable to determine the current application server platform.
node class name com.collaxa.cube.engine.ext.bpel.v1.blocks.BPELSequenceBlock
node class name com.collaxa.cube.engine.ext.bpel.v1.blocks.BPELScopeBlock
node class name com.collaxa.cube.engine.ext.bpel.v1.blocks.BPELSwitchBlock
node class name com.collaxa.cube.engine.ext.bpel.v1.blocks.BPELCompensationHandlerBlock
node class name com.collaxa.cube.engine.ext.bpel.v1.blocks.BPELWhileBlock
node class name com.collaxa.cube.engine.ext.bpel.v1.blocks.BPELCatchFaultBlock
node class name com.collaxa.cube.engine.ext.bpel.v1.blocks.BPELCatchAllBlock
Jun 30, 2014 11:34:57 AM com.collaxa.cube.CubeLogger info
INFO: Composed "E004AccountPALStoPortal" in 74.3 milliseconds [nodes 120=0+120, 1,614.2 nodes/sec]
Jun 30, 2014 11:35:01 AM com.collaxa.cube.CubeLogger info
INFO: Compiled "E004AccountPALStoPortal" in 3.385 seconds
Jun 30, 2014 11:35:01 AM com.collaxa.cube.CubeLogger info
INFO: Gathered 3 files in 3.9 milliseconds

Jun 30, 2014 11:35:01 AM com.collaxa.cube.CubeLogger info
INFO: Packaged "E004AccountPALStoPortal" in 22.7 milliseconds

